

> blog@0.1.0 build /Users/gboyanapally/Desktop/vercel-academy-foundation/apps/blog
> next build

   [1m[38;2;173;127;168m▲ Next.js 15.4.6[39m[22m
   - Environments: .env

 [37m[1m [22m[39m Creating an optimized production build ...
 [32m[1m✓[22m[39m Compiled successfully in 0ms
[?25l [37m[1m [22m[39m Linting and checking validity of types  [36m.[39m[2K[1G [37m[1m [22m[39m Linting and checking validity of types  [36m..[39m[2K[1G [37m[1m [22m[39m Linting and checking validity of types  [36m...[39m[2K[1G [37m[1m [22m[39m Linting and checking validity of types  [36m.[39m[2K[1G [37m[1m [22m[39m Linting and checking validity of types  [36m..[39m[2K[1G [37m[1m [22m[39m Linting and checking validity of types  [36m...[39m[2K[1G [37m[1m [22m[39m Linting and checking validity of types  [36m.[39m[2K[1G[?25h [37m[1m [22m[39m Linting and checking validity of types     [32m[1m✓[22m[39m Linting and checking validity of types 
[?25l [37m[1m [22m[39m Collecting page data  [36m.[39m[2K[1G [37m[1m [22m[39m Collecting page data  [36m..[39m[2K[1G [37m[1m [22m[39m Collecting page data  [36m...[39m[2K[1G [37m[1m [22m[39m Collecting page data  [36m.[39m[2K[1G [37m[1m [22m[39m Collecting page data  [36m..[39m[2K[1G [37m[1m [22m[39m Collecting page data  [36m...[39m[2K[1G [37m[1m [22m[39m Collecting page data  [36m.[39m[2K[1G [37m[1m [22m[39m Collecting page data  [36m..[39m[2K[1G [37m[1m [22m[39m Collecting page data  [36m...[39m[2K[1G [37m[1m [22m[39m Collecting page data  [36m.[39m[2K[1G[?25h [37m[1m [22m[39m Collecting page data     [32m[1m✓[22m[39m Collecting page data 
[?25l [37m[1m [22m[39m Generating static pages (0/14)  [36m[    ][39m[2K[1G [37m[1m [22m[39m Generating static pages (0/14)  [36m[=   ][39m[2K[1G [37m[1m [22m[39m Generating static pages (0/14)  [36m[==  ][39m[2K[1G [37m[1m [22m[39m Generating static pages (0/14)  [36m[=== ][39m[2K[1G [37m[1m [22m[39m Generating static pages (0/14)  [36m[ ===][39m[2K[1G [37m[1m [22m[39m Generating static pages (0/14)  [36m[  ==][39m[2K[1G [37m[1m [22m[39m Generating static pages (0/14)  [36m[   =][39m[2K[1G [37m[1m [22m[39m Generating static pages (0/14)  [36m[    ][39m[2K[1G [37m[1m [22m[39m Generating static pages (0/14)  [36m[   =][39m[2K[1G [37m[1m [22m[39m Generating static pages (4/14)  [36m[  ==][39m[2K[1G [37m[1m [22m[39m Generating static pages (4/14)  [36m[ ===][39m[2K[1G[?25h [32m[1m✓[22m[39m Generating static pages (14/14)
[?25l [37m[1m [22m[39m Finalizing page optimization  [36m.[39m[?25l [37m[1m [22m[39m Collecting build traces  [36m.[39m[2K[1G [37m[1m [22m[39m Finalizing page optimization  [36m..[39m[2K[1G [37m[1m [22m[39m Collecting build traces  [36m..[39m[2K[1G [37m[1m [22m[39m Finalizing page optimization  [36m...[39m[2K[1G [37m[1m [22m[39m Collecting build traces  [36m...[39m[2K[1G [37m[1m [22m[39m Finalizing page optimization  [36m.[39m[2K[1G [37m[1m [22m[39m Collecting build traces  [36m.[39m[2K[1G [37m[1m [22m[39m Finalizing page optimization  [36m..[39m[2K[1G [37m[1m [22m[39m Collecting build traces  [36m..[39m[2K[1G[?25h [37m[1m [22m[39m Collecting build traces     [32m[1m✓[22m[39m Collecting build traces 
[2K[1G[?25h [37m[1m [22m[39m Finalizing page optimization     [32m[1m✓[22m[39m Finalizing page optimization 

[4mRoute (app)[24m                                                               [4mSize[24m  [4mFirst Load JS[24m  [4mRevalidate[24m  [4mExpire[24m
┌ ƒ /                                                                    755 B         [37m[1m108 kB[22m[39m
├ ○ /_not-found                                                          991 B         [37m[1m101 kB[22m[39m
├ ● /[slug]                                                              172 B         [37m[1m108 kB[22m[39m          1m      1y
├   ├ /carpo-aurum-cumque-exercitationem-suscipio-catena-sit.                                          1m      1y
├   ├ /viscus-pecco-decet-carpo-ullus-turbo-delibero-taceo.                                            1m      1y
├   ├ /vespillo-vita-convoco-comis-dedico-audacia-tepesco-contabesco.                                  1m      1y
├   └ [+6 more paths]
└ ƒ /category/[slug]                                                     15 kB         [37m[1m123 kB[22m[39m
+ First Load JS shared by all                                          [37m[1m99.8 kB[22m[39m
  ├ chunks/564-bd48312e6e09f180.js                                     43.7 kB
  ├ chunks/afff970d-bbe6cc11f3da97f5.js                                54.1 kB
  └ other shared chunks (total)                                        1.92 kB


○  (Static)   prerendered as static content
●  (SSG)      prerendered as static HTML (uses [36mgenerateStaticParams[39m)
ƒ  (Dynamic)  server-rendered on demand

[?25h
